<?xml version="1.0" encoding="UTF-8"?>
<!-- Generated by org.testng.reporters.JUnitXMLReporter -->
<testsuite ignored="0" hostname="DESKTOP-A94IS9U" failures="1" tests="1" name="TestOnEdge" time="3.898" errors="0" timestamp="2021-12-09T12:37:41 IST">
  <testcase classname="newpackage.crossbrowser" name="@AfterTest afterTest" time="0.014">
    <failure type="org.openqa.selenium.NoSuchWindowException" message="no such window: target window already closed
from unknown error: web view not found
  (Session info: MicrosoftEdge=96.0.1054.43)
Build info: version: &amp;apos;4.0.0&amp;apos;, revision: &amp;apos;3a21814679&amp;apos;
System info: host: &amp;apos;DESKTOP-A94IS9U&amp;apos;, ip: &amp;apos;172.16.1.25&amp;apos;, os.name: &amp;apos;Windows 10&amp;apos;, os.arch: &amp;apos;amd64&amp;apos;, os.version: &amp;apos;10.0&amp;apos;, java.version: &amp;apos;17&amp;apos;
Driver info: org.openqa.selenium.edge.EdgeDriver
Command: [68652f75ccaab5170eea656da5e4570b, close {}]
Capabilities {acceptInsecureCerts: false, browserName: msedge, browserVersion: 96.0.1054.43, javascriptEnabled: true, ms:edgeOptions: {debuggerAddress: localhost:58091}, msedge: {msedgedriverVersion: 96.0.1054.34 (174c7c1059e27..., userDataDir: C:\Users\IM0258\AppData\Loc...}, networkConnectionEnabled: false, pageLoadStrategy: normal, platform: WINDOWS, platformName: WINDOWS, proxy: Proxy(), se:cdp: ws://localhost:58091/devtoo..., se:cdpVersion: 96.0.1054.43, setWindowRect: true, strictFileInteractability: false, timeouts: {implicit: 0, pageLoad: 300000, script: 30000}, unhandledPromptBehavior: dismiss and notify, webauthn:extension:credBlob: true, webauthn:extension:largeBlob: true, webauthn:virtualAuthenticators: true}
Session ID: 68652f75ccaab5170eea656da5e4570b">
      <![CDATA[org.openqa.selenium.NoSuchWindowException: no such window: target window already closed
from unknown error: web view not found
  (Session info: MicrosoftEdge=96.0.1054.43)
Build info: version: '4.0.0', revision: '3a21814679'
System info: host: 'DESKTOP-A94IS9U', ip: '172.16.1.25', os.name: 'Windows 10', os.arch: 'amd64', os.version: '10.0', java.version: '17'
Driver info: org.openqa.selenium.edge.EdgeDriver
Command: [68652f75ccaab5170eea656da5e4570b, close {}]
Capabilities {acceptInsecureCerts: false, browserName: msedge, browserVersion: 96.0.1054.43, javascriptEnabled: true, ms:edgeOptions: {debuggerAddress: localhost:58091}, msedge: {msedgedriverVersion: 96.0.1054.34 (174c7c1059e27..., userDataDir: C:\Users\IM0258\AppData\Loc...}, networkConnectionEnabled: false, pageLoadStrategy: normal, platform: WINDOWS, platformName: WINDOWS, proxy: Proxy(), se:cdp: ws://localhost:58091/devtoo..., se:cdpVersion: 96.0.1054.43, setWindowRect: true, strictFileInteractability: false, timeouts: {implicit: 0, pageLoad: 300000, script: 30000}, unhandledPromptBehavior: dismiss and notify, webauthn:extension:credBlob: true, webauthn:extension:largeBlob: true, webauthn:virtualAuthenticators: true}
Session ID: 68652f75ccaab5170eea656da5e4570b
at org.openqa.selenium.remote.codec.w3c.W3CHttpResponseCodec.createException(W3CHttpResponseCodec.java:200)
at org.openqa.selenium.remote.codec.w3c.W3CHttpResponseCodec.decode(W3CHttpResponseCodec.java:133)
at org.openqa.selenium.remote.codec.w3c.W3CHttpResponseCodec.decode(W3CHttpResponseCodec.java:53)
at org.openqa.selenium.remote.HttpCommandExecutor.execute(HttpCommandExecutor.java:184)
at org.openqa.selenium.remote.service.DriverCommandExecutor.invokeExecute(DriverCommandExecutor.java:164)
at org.openqa.selenium.remote.service.DriverCommandExecutor.execute(DriverCommandExecutor.java:139)
at org.openqa.selenium.remote.RemoteWebDriver.execute(RemoteWebDriver.java:559)
at org.openqa.selenium.remote.RemoteWebDriver.execute(RemoteWebDriver.java:614)
at org.openqa.selenium.remote.RemoteWebDriver.execute(RemoteWebDriver.java:618)
at org.openqa.selenium.remote.RemoteWebDriver.close(RemoteWebDriver.java:444)
at newpackage.crossbrowser.afterTest(crossbrowser.java:117)
... Removed 29 stack frames]]>
    </failure>
  </testcase> <!-- @AfterTest afterTest -->
  <testcase classname="newpackage.crossbrowser" name="test" time="1.569">
    <failure type="org.openqa.selenium.NoSuchWindowException" message="no such window: target window already closed
from unknown error: web view not found
  (Session info: MicrosoftEdge=96.0.1054.43)
Build info: version: &amp;apos;4.0.0&amp;apos;, revision: &amp;apos;3a21814679&amp;apos;
System info: host: &amp;apos;DESKTOP-A94IS9U&amp;apos;, ip: &amp;apos;172.16.1.25&amp;apos;, os.name: &amp;apos;Windows 10&amp;apos;, os.arch: &amp;apos;amd64&amp;apos;, os.version: &amp;apos;10.0&amp;apos;, java.version: &amp;apos;17&amp;apos;
Driver info: org.openqa.selenium.edge.EdgeDriver
Command: [68652f75ccaab5170eea656da5e4570b, maximizeCurrentWindow {}]
Capabilities {acceptInsecureCerts: false, browserName: msedge, browserVersion: 96.0.1054.43, javascriptEnabled: true, ms:edgeOptions: {debuggerAddress: localhost:58091}, msedge: {msedgedriverVersion: 96.0.1054.34 (174c7c1059e27..., userDataDir: C:\Users\IM0258\AppData\Loc...}, networkConnectionEnabled: false, pageLoadStrategy: normal, platform: WINDOWS, platformName: WINDOWS, proxy: Proxy(), se:cdp: ws://localhost:58091/devtoo..., se:cdpVersion: 96.0.1054.43, setWindowRect: true, strictFileInteractability: false, timeouts: {implicit: 0, pageLoad: 300000, script: 30000}, unhandledPromptBehavior: dismiss and notify, webauthn:extension:credBlob: true, webauthn:extension:largeBlob: true, webauthn:virtualAuthenticators: true}
Session ID: 68652f75ccaab5170eea656da5e4570b">
      <![CDATA[org.openqa.selenium.NoSuchWindowException: no such window: target window already closed
from unknown error: web view not found
  (Session info: MicrosoftEdge=96.0.1054.43)
Build info: version: '4.0.0', revision: '3a21814679'
System info: host: 'DESKTOP-A94IS9U', ip: '172.16.1.25', os.name: 'Windows 10', os.arch: 'amd64', os.version: '10.0', java.version: '17'
Driver info: org.openqa.selenium.edge.EdgeDriver
Command: [68652f75ccaab5170eea656da5e4570b, maximizeCurrentWindow {}]
Capabilities {acceptInsecureCerts: false, browserName: msedge, browserVersion: 96.0.1054.43, javascriptEnabled: true, ms:edgeOptions: {debuggerAddress: localhost:58091}, msedge: {msedgedriverVersion: 96.0.1054.34 (174c7c1059e27..., userDataDir: C:\Users\IM0258\AppData\Loc...}, networkConnectionEnabled: false, pageLoadStrategy: normal, platform: WINDOWS, platformName: WINDOWS, proxy: Proxy(), se:cdp: ws://localhost:58091/devtoo..., se:cdpVersion: 96.0.1054.43, setWindowRect: true, strictFileInteractability: false, timeouts: {implicit: 0, pageLoad: 300000, script: 30000}, unhandledPromptBehavior: dismiss and notify, webauthn:extension:credBlob: true, webauthn:extension:largeBlob: true, webauthn:virtualAuthenticators: true}
Session ID: 68652f75ccaab5170eea656da5e4570b
at org.openqa.selenium.remote.codec.w3c.W3CHttpResponseCodec.createException(W3CHttpResponseCodec.java:200)
at org.openqa.selenium.remote.codec.w3c.W3CHttpResponseCodec.decode(W3CHttpResponseCodec.java:133)
at org.openqa.selenium.remote.codec.w3c.W3CHttpResponseCodec.decode(W3CHttpResponseCodec.java:53)
at org.openqa.selenium.remote.HttpCommandExecutor.execute(HttpCommandExecutor.java:184)
at org.openqa.selenium.remote.service.DriverCommandExecutor.invokeExecute(DriverCommandExecutor.java:164)
at org.openqa.selenium.remote.service.DriverCommandExecutor.execute(DriverCommandExecutor.java:139)
at org.openqa.selenium.remote.RemoteWebDriver.execute(RemoteWebDriver.java:559)
at org.openqa.selenium.remote.RemoteWebDriver.execute(RemoteWebDriver.java:614)
at org.openqa.selenium.remote.RemoteWebDriver.execute(RemoteWebDriver.java:618)
at org.openqa.selenium.remote.RemoteWebDriver$RemoteWebDriverOptions$RemoteWindow.maximize(RemoteWebDriver.java:928)
at newpackage.crossbrowser.test(crossbrowser.java:53)
at java.base/java.util.ArrayList.forEach(ArrayList.java:1511)
... Removed 32 stack frames]]>
    </failure>
  </testcase> <!-- test -->
</testsuite> <!-- TestOnEdge -->
